1616034798.229865 client started (12924): version 3.1c, socket /private/tmp/tmux-502/default, protocol 8
1616034798.229927 on Darwin 20.3.0 Darwin Kernel Version 20.3.0: Thu Jan 21 00:07:06 PST 2021; root:xnu-7195.81.3~1/RELEASE_X86_64; libevent 2.1.12-stable (select)
1616034798.230006 socket is /private/tmp/tmux-502/default
1616034798.230038 trying connect
1616034798.230148 add peer 0x7fb4df531000: 7 (0x0)
1616034798.235263 sending message 100 to peer 0x7fb4df531000 (4 bytes)
1616034798.235305 sending message 101 to peer 0x7fb4df531000 (15 bytes)
1616034798.235321 sending message 102 to peer 0x7fb4df531000 (13 bytes)
1616034798.235331 sending message 108 to peer 0x7fb4df531000 (18 bytes)
1616034798.235353 sending message 104 to peer 0x7fb4df531000 (0 bytes)
1616034798.235396 sending message 107 to peer 0x7fb4df531000 (4 bytes)
1616034798.235418 sending message 105 to peer 0x7fb4df531000 (59 bytes)
1616034798.235433 sending message 105 to peer 0x7fb4df531000 (33 bytes)
1616034798.235442 sending message 105 to peer 0x7fb4df531000 (28 bytes)
1616034798.235451 sending message 105 to peer 0x7fb4df531000 (14 bytes)
1616034798.235459 sending message 105 to peer 0x7fb4df531000 (53 bytes)
1616034798.235541 sending message 105 to peer 0x7fb4df531000 (20 bytes)
1616034798.235558 sending message 105 to peer 0x7fb4df531000 (26 bytes)
1616034798.235567 sending message 105 to peer 0x7fb4df531000 (47 bytes)
1616034798.235575 sending message 105 to peer 0x7fb4df531000 (57 bytes)
1616034798.235583 sending message 105 to peer 0x7fb4df531000 (25 bytes)
1616034798.235592 sending message 105 to peer 0x7fb4df531000 (47 bytes)
1616034798.235600 sending message 105 to peer 0x7fb4df531000 (53 bytes)
1616034798.235608 sending message 105 to peer 0x7fb4df531000 (22 bytes)
1616034798.235616 sending message 105 to peer 0x7fb4df531000 (24 bytes)
1616034798.235624 sending message 105 to peer 0x7fb4df531000 (9 bytes)
1616034798.235632 sending message 105 to peer 0x7fb4df531000 (25 bytes)
1616034798.235640 sending message 105 to peer 0x7fb4df531000 (66 bytes)
1616034798.235648 sending message 105 to peer 0x7fb4df531000 (22 bytes)
1616034798.235657 sending message 105 to peer 0x7fb4df531000 (344 bytes)
1616034798.235665 sending message 105 to peer 0x7fb4df531000 (18 bytes)
1616034798.235673 sending message 105 to peer 0x7fb4df531000 (40 bytes)
1616034798.235681 sending message 105 to peer 0x7fb4df531000 (22 bytes)
1616034798.235689 sending message 105 to peer 0x7fb4df531000 (17 bytes)
1616034798.235697 sending message 105 to peer 0x7fb4df531000 (14 bytes)
1616034798.235705 sending message 105 to peer 0x7fb4df531000 (19 bytes)
1616034798.235713 sending message 105 to peer 0x7fb4df531000 (29 bytes)
1616034798.235721 sending message 105 to peer 0x7fb4df531000 (16 bytes)
1616034798.235729 sending message 105 to peer 0x7fb4df531000 (8 bytes)
1616034798.235742 sending message 105 to peer 0x7fb4df531000 (12 bytes)
1616034798.235764 sending message 105 to peer 0x7fb4df531000 (92 bytes)
1616034798.235773 sending message 105 to peer 0x7fb4df531000 (50 bytes)
1616034798.235781 sending message 105 to peer 0x7fb4df531000 (24 bytes)
1616034798.235799 sending message 105 to peer 0x7fb4df531000 (24 bytes)
1616034798.235809 sending message 105 to peer 0x7fb4df531000 (22 bytes)
1616034798.235818 sending message 106 to peer 0x7fb4df531000 (0 bytes)
1616034798.235831 sending message 200 to peer 0x7fb4df531000 (4 bytes)
1616034798.235840 client loop enter
1616034798.245143 peer 0x7fb4df531000 message 207
1616034798.245168 sending message 208 to peer 0x7fb4df531000 (0 bytes)
1616034801.549102 peer 0x7fb4df531000 message 203
1616034801.549130 sending message 205 to peer 0x7fb4df531000 (0 bytes)
1616034801.549436 peer 0x7fb4df531000 message 204
1616034801.549454 client loop exit
